Release 14.4 - xst P.49d (nt64)
Copyright (c) 1995-2012 Xilinx, Inc.  All rights reserved.
--> Parameter TMPDIR set to xst/projnav.tmp


Total REAL time to Xst completion: 0.00 secs
Total CPU time to Xst completion: 0.08 secs
 
--> Parameter xsthdpdir set to xst


Total REAL time to Xst completion: 0.00 secs
Total CPU time to Xst completion: 0.08 secs
 
--> Reading design: CompV_VGA.prj

TABLE OF CONTENTS
  1) Synthesis Options Summary
  2) HDL Compilation
  3) Design Hierarchy Analysis
  4) HDL Analysis
  5) HDL Synthesis
     5.1) HDL Synthesis Report
  6) Advanced HDL Synthesis
     6.1) Advanced HDL Synthesis Report
  7) Low Level Synthesis
  8) Partition Report
  9) Final Report
	9.1) Device utilization summary
	9.2) Partition Resource Summary
	9.3) TIMING REPORT


=========================================================================
*                      Synthesis Options Summary                        *
=========================================================================
---- Source Parameters
Input File Name                    : "CompV_VGA.prj"
Input Format                       : mixed
Ignore Synthesis Constraint File   : NO

---- Target Parameters
Output File Name                   : "CompV_VGA"
Output Format                      : NGC
Target Device                      : xc3s200-4-ft256

---- Source Options
Top Module Name                    : CompV_VGA
Automatic FSM Extraction           : YES
FSM Encoding Algorithm             : Auto
Safe Implementation                : No
FSM Style                          : LUT
RAM Extraction                     : Yes
RAM Style                          : Auto
ROM Extraction                     : Yes
Mux Style                          : Auto
Decoder Extraction                 : YES
Priority Encoder Extraction        : Yes
Shift Register Extraction          : YES
Logical Shifter Extraction         : YES
XOR Collapsing                     : YES
ROM Style                          : Auto
Mux Extraction                     : Yes
Resource Sharing                   : YES
Asynchronous To Synchronous        : NO
Multiplier Style                   : Auto
Automatic Register Balancing       : No

---- Target Options
Add IO Buffers                     : YES
Global Maximum Fanout              : 500
Add Generic Clock Buffer(BUFG)     : 8
Register Duplication               : YES
Slice Packing                      : YES
Optimize Instantiated Primitives   : NO
Use Clock Enable                   : Yes
Use Synchronous Set                : Yes
Use Synchronous Reset              : Yes
Pack IO Registers into IOBs        : Auto
Equivalent register Removal        : YES

---- General Options
Optimization Goal                  : Speed
Optimization Effort                : 1
Keep Hierarchy                     : No
Netlist Hierarchy                  : As_Optimized
RTL Output                         : Yes
Global Optimization                : AllClockNets
Read Cores                         : YES
Write Timing Constraints           : NO
Cross Clock Analysis               : NO
Hierarchy Separator                : /
Bus Delimiter                      : <>
Case Specifier                     : Maintain
Slice Utilization Ratio            : 100
BRAM Utilization Ratio             : 100
Verilog 2001                       : YES
Auto BRAM Packing                  : NO
Slice Utilization Ratio Delta      : 5

=========================================================================


=========================================================================
*                          HDL Compilation                              *
=========================================================================
Compiling vhdl file "C:/Users/Antonio/Documents/Universidad/Tercero/PrimerCuatrimestre/Sistemas Electronicos/PROYECTO FPGA/SpaceInvaders/PROYECTO_160215/CompV_VGA.vhd" in Library work.
Architecture behavioral of Entity compv_vga is up to date.

=========================================================================
*                     Design Hierarchy Analysis                         *
=========================================================================
Analyzing hierarchy for entity <CompV_VGA> in library <work> (architecture <behavioral>) with generics.
	End_Of_Line = 520
	End_Of_Pulse = 491
	End_Of_Screen = 479
	Start_Of_Pulse = 489
	width = 10


=========================================================================
*                            HDL Analysis                               *
=========================================================================
Analyzing generic Entity <CompV_VGA> in library <work> (Architecture <behavioral>).
	End_Of_Line = 520
	End_Of_Pulse = 491
	End_Of_Screen = 479
	Start_Of_Pulse = 489
	width = 10
Entity <CompV_VGA> analyzed. Unit <CompV_VGA> generated.


=========================================================================
*                           HDL Synthesis                               *
=========================================================================

Performing bidirectional port resolution...

Synthesizing Unit <CompV_VGA>.
    Related source file is "C:/Users/Antonio/Documents/Universidad/Tercero/PrimerCuatrimestre/Sistemas Electronicos/PROYECTO FPGA/SpaceInvaders/PROYECTO_160215/CompV_VGA.vhd".
    Found 1-bit register for signal <O1ac>.
    Found 1-bit register for signal <O2ac>.
    Found 1-bit register for signal <O3ac>.
    Found 11-bit comparator greater for signal <p_O1$cmp_gt0000> created at line 42.
    Found 11-bit comparator greater for signal <p_O2$cmp_lt0000> created at line 48.
    Found 11-bit comparator less for signal <p_O2$cmp_lt0001> created at line 48.
    Summary:
	inferred   3 D-type flip-flop(s).
	inferred   3 Comparator(s).
Unit <CompV_VGA> synthesized.


=========================================================================
HDL Synthesis Report

Macro Statistics
# Registers                                            : 3
 1-bit register                                        : 3
# Comparators                                          : 3
 11-bit comparator greater                             : 2
 11-bit comparator less                                : 1

=========================================================================

=========================================================================
*                       Advanced HDL Synthesis                          *
=========================================================================


=========================================================================
Advanced HDL Synthesis Report

Macro Statistics
# Registers                                            : 3
 Flip-Flops                                            : 3
# Comparators                                          : 3
 11-bit comparator greater                             : 2
 11-bit comparator less                                : 1

=========================================================================

=========================================================================
*                         Low Level Synthesis                           *
=========================================================================

Optimizing unit <CompV_VGA> ...

Mapping all equations...
Building and optimizing final netlist ...
Found area constraint ratio of 100 (+ 5) on block CompV_VGA, actual ratio is 0.

Final Macro Processing ...

=========================================================================
Final Register Report

Macro Statistics
# Registers                                            : 3
 Flip-Flops                                            : 3

=========================================================================

=========================================================================
*                           Partition Report                            *
=========================================================================

Partition Implementation Status
-------------------------------

  No Partitions were found in this design.

-------------------------------

=========================================================================
*                            Final Report                               *
=========================================================================
Final Results
RTL Top Level Output File Name     : CompV_VGA.ngr
Top Level Output File Name         : CompV_VGA
Output Format                      : NGC
Optimization Goal                  : Speed
Keep Hierarchy                     : No

Design Statistics
# IOs                              : 15

Cell Usage :
# BELS                             : 9
#      LUT4                        : 7
#      MUXF5                       : 1
#      VCC                         : 1
# FlipFlops/Latches                : 3
#      FDC                         : 2
#      FDP                         : 1
# Clock Buffers                    : 1
#      BUFGP                       : 1
# IO Buffers                       : 14
#      IBUF                        : 11
#      OBUF                        : 3
=========================================================================

Device utilization summary:
---------------------------

Selected Device : 3s200ft256-4 

 Number of Slices:                        4  out of   1920     0%  
 Number of 4 input LUTs:                  7  out of   3840     0%  
 Number of IOs:                          15
 Number of bonded IOBs:                  15  out of    173     8%  
    IOB Flip Flops:                       3
 Number of GCLKs:                         1  out of      8    12%  

---------------------------
Partition Resource Summary:
---------------------------

  No Partitions were found in this design.

---------------------------


=========================================================================
TIMING REPORT

NOTE: THESE TIMING NUMBERS ARE ONLY A SYNTHESIS ESTIMATE.
      FOR ACCURATE TIMING INFORMATION PLEASE REFER TO THE TRACE REPORT
      GENERATED AFTER PLACE-and-ROUTE.

Clock Information:
------------------
-----------------------------------+------------------------+-------+
Clock Signal                       | Clock buffer(FF name)  | Load  |
-----------------------------------+------------------------+-------+
clk                                | BUFGP                  | 3     |
-----------------------------------+------------------------+-------+

Asynchronous Control Signals Information:
----------------------------------------
-----------------------------------+------------------------+-------+
Control Signal                     | Buffer(FF name)        | Load  |
-----------------------------------+------------------------+-------+
reset                              | IBUF                   | 3     |
-----------------------------------+------------------------+-------+

Timing Summary:
---------------
Speed Grade: -4

   Minimum period: No path found
   Minimum input arrival time before clock: 5.619ns
   Maximum output required time after clock: 7.165ns
   Maximum combinational path delay: No path found

Timing Detail:
--------------
All values displayed in nanoseconds (ns)

=========================================================================
Timing constraint: Default OFFSET IN BEFORE for Clock 'clk'
  Total number of paths / destination ports: 25 / 3
-------------------------------------------------------------------------
Offset:              5.619ns (Levels of Logic = 4)
  Source:            data<6> (PAD)
  Destination:       O3ac (FF)
  Destination Clock: clk rising

  Data Path: data<6> to O3ac
                                Gate     Net
    Cell:in->out      fanout   Delay   Delay  Logical Name (Net Name)
    ----------------------------------------  ------------
     IBUF:I->O             3   0.821   1.246  data_6_IBUF (data_6_IBUF)
     LUT4:I0->O            1   0.551   0.869  p_O3_cmp_eq000035 (p_O3_cmp_eq000035)
     LUT4:I2->O            1   0.551   0.827  p_O3_cmp_eq000037_SW0 (N2)
     LUT4:I3->O            1   0.551   0.000  p_O3_cmp_eq000037 (p_O3)
     FDC:D                     0.203          O3ac
    ----------------------------------------
    Total                      5.619ns (2.677ns logic, 2.942ns route)
                                       (47.6% logic, 52.4% route)

=========================================================================
Timing constraint: Default OFFSET OUT AFTER for Clock 'clk'
  Total number of paths / destination ports: 3 / 3
-------------------------------------------------------------------------
Offset:              7.165ns (Levels of Logic = 1)
  Source:            O1ac (FF)
  Destination:       O1 (PAD)
  Source Clock:      clk rising

  Data Path: O1ac to O1
                                Gate     Net
    Cell:in->out      fanout   Delay   Delay  Logical Name (Net Name)
    ----------------------------------------  ------------
     FDC:C->Q              1   0.720   0.801  O1ac (O1ac)
     OBUF:I->O                 5.644          O1_OBUF (O1)
    ----------------------------------------
    Total                      7.165ns (6.364ns logic, 0.801ns route)
                                       (88.8% logic, 11.2% route)

=========================================================================


Total REAL time to Xst completion: 5.00 secs
Total CPU time to Xst completion: 4.65 secs
 
--> 

Total memory usage is 254368 kilobytes

Number of errors   :    0 (   0 filtered)
Number of warnings :    0 (   0 filtered)
Number of infos    :    0 (   0 filtered)

