Release 14.4 - xst P.49d (nt64)
Copyright (c) 1995-2012 Xilinx, Inc.  All rights reserved.
--> Parameter TMPDIR set to xst/projnav.tmp


Total REAL time to Xst completion: 0.00 secs
Total CPU time to Xst completion: 0.08 secs
 
--> Parameter xsthdpdir set to xst


Total REAL time to Xst completion: 0.00 secs
Total CPU time to Xst completion: 0.09 secs
 
--> Reading design: DIBgenerico.prj

TABLE OF CONTENTS
  1) Synthesis Options Summary
  2) HDL Compilation
  3) Design Hierarchy Analysis
  4) HDL Analysis
  5) HDL Synthesis
     5.1) HDL Synthesis Report
  6) Advanced HDL Synthesis
     6.1) Advanced HDL Synthesis Report
  7) Low Level Synthesis
  8) Partition Report
  9) Final Report
	9.1) Device utilization summary
	9.2) Partition Resource Summary
	9.3) TIMING REPORT


=========================================================================
*                      Synthesis Options Summary                        *
=========================================================================
---- Source Parameters
Input File Name                    : "DIBgenerico.prj"
Input Format                       : mixed
Ignore Synthesis Constraint File   : NO

---- Target Parameters
Output File Name                   : "DIBgenerico"
Output Format                      : NGC
Target Device                      : xc3s200-4-ft256

---- Source Options
Top Module Name                    : DIBgenerico
Automatic FSM Extraction           : YES
FSM Encoding Algorithm             : Auto
Safe Implementation                : No
FSM Style                          : LUT
RAM Extraction                     : Yes
RAM Style                          : Auto
ROM Extraction                     : Yes
Mux Style                          : Auto
Decoder Extraction                 : YES
Priority Encoder Extraction        : Yes
Shift Register Extraction          : YES
Logical Shifter Extraction         : YES
XOR Collapsing                     : YES
ROM Style                          : Auto
Mux Extraction                     : Yes
Resource Sharing                   : YES
Asynchronous To Synchronous        : NO
Multiplier Style                   : Auto
Automatic Register Balancing       : No

---- Target Options
Add IO Buffers                     : YES
Global Maximum Fanout              : 500
Add Generic Clock Buffer(BUFG)     : 8
Register Duplication               : YES
Slice Packing                      : YES
Optimize Instantiated Primitives   : NO
Use Clock Enable                   : Yes
Use Synchronous Set                : Yes
Use Synchronous Reset              : Yes
Pack IO Registers into IOBs        : Auto
Equivalent register Removal        : YES

---- General Options
Optimization Goal                  : Speed
Optimization Effort                : 1
Keep Hierarchy                     : No
Netlist Hierarchy                  : As_Optimized
RTL Output                         : Yes
Global Optimization                : AllClockNets
Read Cores                         : YES
Write Timing Constraints           : NO
Cross Clock Analysis               : NO
Hierarchy Separator                : /
Bus Delimiter                      : <>
Case Specifier                     : Maintain
Slice Utilization Ratio            : 100
BRAM Utilization Ratio             : 100
Verilog 2001                       : YES
Auto BRAM Packing                  : NO
Slice Utilization Ratio Delta      : 5

=========================================================================


=========================================================================
*                          HDL Compilation                              *
=========================================================================
Compiling vhdl file "C:/Users/Antonio/Documents/Universidad/Tercero/PrimerCuatrimestre/Sistemas Electronicos/PROYECTO FPGA/SpaceInvaders/PROYECTO_160215/DIBGenerico.vhd" in Library work.
Entity <dibgenerico> compiled.
Entity <dibgenerico> (Architecture <behavioral>) compiled.

=========================================================================
*                     Design Hierarchy Analysis                         *
=========================================================================
Analyzing hierarchy for entity <DIBgenerico> in library <work> (architecture <behavioral>).


=========================================================================
*                            HDL Analysis                               *
=========================================================================
Analyzing Entity <DIBgenerico> in library <work> (Architecture <behavioral>).
INFO:Xst:2679 - Register <xrel<9>> in unit <DIBgenerico> has a constant value of 0 during circuit operation. The register is replaced by logic.
INFO:Xst:2679 - Register <xrel<8>> in unit <DIBgenerico> has a constant value of 0 during circuit operation. The register is replaced by logic.
INFO:Xst:2679 - Register <xrel<7>> in unit <DIBgenerico> has a constant value of 0 during circuit operation. The register is replaced by logic.
INFO:Xst:2679 - Register <xrel<6>> in unit <DIBgenerico> has a constant value of 0 during circuit operation. The register is replaced by logic.
INFO:Xst:2679 - Register <xrel<5>> in unit <DIBgenerico> has a constant value of 0 during circuit operation. The register is replaced by logic.
INFO:Xst:2679 - Register <yrel<9>> in unit <DIBgenerico> has a constant value of 0 during circuit operation. The register is replaced by logic.
INFO:Xst:2679 - Register <yrel<8>> in unit <DIBgenerico> has a constant value of 0 during circuit operation. The register is replaced by logic.
INFO:Xst:2679 - Register <yrel<7>> in unit <DIBgenerico> has a constant value of 0 during circuit operation. The register is replaced by logic.
INFO:Xst:2679 - Register <yrel<6>> in unit <DIBgenerico> has a constant value of 0 during circuit operation. The register is replaced by logic.
INFO:Xst:2679 - Register <yrel<5>> in unit <DIBgenerico> has a constant value of 0 during circuit operation. The register is replaced by logic.
Entity <DIBgenerico> analyzed. Unit <DIBgenerico> generated.


=========================================================================
*                           HDL Synthesis                               *
=========================================================================

Performing bidirectional port resolution...

Synthesizing Unit <DIBgenerico>.
    Related source file is "C:/Users/Antonio/Documents/Universidad/Tercero/PrimerCuatrimestre/Sistemas Electronicos/PROYECTO FPGA/SpaceInvaders/PROYECTO_160215/DIBGenerico.vhd".
WARNING:Xst:646 - Signal <yrel<9:5>> is assigned but never used. This unconnected signal will be trimmed during the optimization process.
WARNING:Xst:646 - Signal <xrel<9:5>> is assigned but never used. This unconnected signal will be trimmed during the optimization process.
    Found 10-bit adder for signal <DIR_5$add0000> created at line 24.
    Found 10-bit adder for signal <DIR_5$add0001> created at line 24.
    Found 10-bit comparator greatequal for signal <DIR_5$cmp_ge0000> created at line 24.
    Found 10-bit comparator greatequal for signal <DIR_5$cmp_ge0001> created at line 24.
    Found 10-bit comparator less for signal <DIR_5$cmp_lt0000> created at line 24.
    Found 10-bit comparator less for signal <DIR_5$cmp_lt0001> created at line 24.
    Found 10-bit subtractor for signal <xrel>.
    Found 10-bit subtractor for signal <yrel>.
    Summary:
	inferred   4 Adder/Subtractor(s).
	inferred   4 Comparator(s).
Unit <DIBgenerico> synthesized.


=========================================================================
HDL Synthesis Report

Macro Statistics
# Adders/Subtractors                                   : 4
 10-bit adder                                          : 2
 10-bit subtractor                                     : 2
# Comparators                                          : 4
 10-bit comparator greatequal                          : 2
 10-bit comparator less                                : 2

=========================================================================

=========================================================================
*                       Advanced HDL Synthesis                          *
=========================================================================


=========================================================================
Advanced HDL Synthesis Report

Macro Statistics
# Adders/Subtractors                                   : 4
 10-bit adder                                          : 2
 5-bit subtractor                                      : 2
# Comparators                                          : 4
 10-bit comparator greatequal                          : 2
 10-bit comparator less                                : 2

=========================================================================

=========================================================================
*                         Low Level Synthesis                           *
=========================================================================

Optimizing unit <DIBgenerico> ...

Mapping all equations...
Building and optimizing final netlist ...
Found area constraint ratio of 100 (+ 5) on block DIBgenerico, actual ratio is 2.

Final Macro Processing ...

=========================================================================
Final Register Report

Found no macro
=========================================================================

=========================================================================
*                           Partition Report                            *
=========================================================================

Partition Implementation Status
-------------------------------

  No Partitions were found in this design.

-------------------------------

=========================================================================
*                            Final Report                               *
=========================================================================
Final Results
RTL Top Level Output File Name     : DIBgenerico.ngr
Top Level Output File Name         : DIBgenerico
Output Format                      : NGC
Optimization Goal                  : Speed
Keep Hierarchy                     : No

Design Statistics
# IOs                              : 51

Cell Usage :
# BELS                             : 124
#      GND                         : 1
#      LUT2                        : 52
#      LUT3                        : 6
#      LUT4                        : 5
#      MUXCY                       : 48
#      MUXF5                       : 1
#      VCC                         : 1
#      XORCY                       : 10
# IO Buffers                       : 51
#      IBUF                        : 41
#      OBUF                        : 10
=========================================================================

Device utilization summary:
---------------------------

Selected Device : 3s200ft256-4 

 Number of Slices:                       34  out of   1920     1%  
 Number of 4 input LUTs:                 63  out of   3840     1%  
 Number of IOs:                          51
 Number of bonded IOBs:                  51  out of    173    29%  

---------------------------
Partition Resource Summary:
---------------------------

  No Partitions were found in this design.

---------------------------


=========================================================================
TIMING REPORT

NOTE: THESE TIMING NUMBERS ARE ONLY A SYNTHESIS ESTIMATE.
      FOR ACCURATE TIMING INFORMATION PLEASE REFER TO THE TRACE REPORT
      GENERATED AFTER PLACE-and-ROUTE.

Clock Information:
------------------
No clock signals found in this design

Asynchronous Control Signals Information:
----------------------------------------
No asynchronous control signals found in this design

Timing Summary:
---------------
Speed Grade: -4

   Minimum period: No path found
   Minimum input arrival time before clock: No path found
   Maximum output required time after clock: No path found
   Maximum combinational path delay: 15.437ns

Timing Detail:
--------------
All values displayed in nanoseconds (ns)

=========================================================================
Timing constraint: Default path analysis
  Total number of paths / destination ports: 1490 / 10
-------------------------------------------------------------------------
Delay:               15.437ns (Levels of Logic = 9)
  Source:            xdib<7> (PAD)
  Destination:       DIR<9> (PAD)

  Data Path: xdib<7> to DIR<9>
                                Gate     Net
    Cell:in->out      fanout   Delay   Delay  Logical Name (Net Name)
    ----------------------------------------  ------------
     IBUF:I->O             3   0.821   1.246  xdib_7_IBUF (Madd_DIR_5_add0000_lut<7>)
     LUT3:I0->O            2   0.551   0.945  Madd_DIR_5_add0000_cy<7>11 (Madd_DIR_5_add0000_cy<7>)
     LUT3:I2->O            1   0.551   0.000  Mcompar_DIR_5_cmp_lt0000_lut<8> (Mcompar_DIR_5_cmp_lt0000_lut<8>)
     MUXCY:S->O            1   0.500   0.000  Mcompar_DIR_5_cmp_lt0000_cy<8> (Mcompar_DIR_5_cmp_lt0000_cy<8>)
     MUXCY:CI->O           1   0.303   1.140  Mcompar_DIR_5_cmp_lt0000_cy<9> (Mcompar_DIR_5_cmp_lt0000_cy<9>)
     LUT4:I0->O            1   0.551   0.000  DIR_5_and00001 (DIR_5_and00001)
     MUXF5:I0->O          10   0.360   1.473  DIR_5_and0000_f5 (DIR_5_and0000)
     LUT2:I0->O            1   0.551   0.801  DIR_9_mux00001 (DIR_9_OBUF)
     OBUF:I->O                 5.644          DIR_9_OBUF (DIR<9>)
    ----------------------------------------
    Total                     15.437ns (9.832ns logic, 5.605ns route)
                                       (63.7% logic, 36.3% route)

=========================================================================


Total REAL time to Xst completion: 5.00 secs
Total CPU time to Xst completion: 4.78 secs
 
--> 

Total memory usage is 254688 kilobytes

Number of errors   :    0 (   0 filtered)
Number of warnings :    2 (   0 filtered)
Number of infos    :   10 (   0 filtered)

