Release 14.4 - xst P.49d (nt64)
Copyright (c) 1995-2012 Xilinx, Inc.  All rights reserved.
--> Parameter TMPDIR set to xst/projnav.tmp


Total REAL time to Xst completion: 2.00 secs
Total CPU time to Xst completion: 1.55 secs
 
--> Parameter xsthdpdir set to xst


Total REAL time to Xst completion: 2.00 secs
Total CPU time to Xst completion: 1.56 secs
 
--> Reading design: MovBala.prj

TABLE OF CONTENTS
  1) Synthesis Options Summary
  2) HDL Compilation
  3) Design Hierarchy Analysis
  4) HDL Analysis
  5) HDL Synthesis
     5.1) HDL Synthesis Report
  6) Advanced HDL Synthesis
     6.1) Advanced HDL Synthesis Report
  7) Low Level Synthesis
  8) Partition Report
  9) Final Report
	9.1) Device utilization summary
	9.2) Partition Resource Summary
	9.3) TIMING REPORT


=========================================================================
*                      Synthesis Options Summary                        *
=========================================================================
---- Source Parameters
Input File Name                    : "MovBala.prj"
Input Format                       : mixed
Ignore Synthesis Constraint File   : NO

---- Target Parameters
Output File Name                   : "MovBala"
Output Format                      : NGC
Target Device                      : xc3s200-4-ft256

---- Source Options
Top Module Name                    : MovBala
Automatic FSM Extraction           : YES
FSM Encoding Algorithm             : Auto
Safe Implementation                : No
FSM Style                          : LUT
RAM Extraction                     : Yes
RAM Style                          : Auto
ROM Extraction                     : Yes
Mux Style                          : Auto
Decoder Extraction                 : YES
Priority Encoder Extraction        : Yes
Shift Register Extraction          : YES
Logical Shifter Extraction         : YES
XOR Collapsing                     : YES
ROM Style                          : Auto
Mux Extraction                     : Yes
Resource Sharing                   : YES
Asynchronous To Synchronous        : NO
Multiplier Style                   : Auto
Automatic Register Balancing       : No

---- Target Options
Add IO Buffers                     : YES
Global Maximum Fanout              : 500
Add Generic Clock Buffer(BUFG)     : 8
Register Duplication               : YES
Slice Packing                      : YES
Optimize Instantiated Primitives   : NO
Use Clock Enable                   : Yes
Use Synchronous Set                : Yes
Use Synchronous Reset              : Yes
Pack IO Registers into IOBs        : Auto
Equivalent register Removal        : YES

---- General Options
Optimization Goal                  : Speed
Optimization Effort                : 1
Keep Hierarchy                     : No
Netlist Hierarchy                  : As_Optimized
RTL Output                         : Yes
Global Optimization                : AllClockNets
Read Cores                         : YES
Write Timing Constraints           : NO
Cross Clock Analysis               : NO
Hierarchy Separator                : /
Bus Delimiter                      : <>
Case Specifier                     : Maintain
Slice Utilization Ratio            : 100
BRAM Utilization Ratio             : 100
Verilog 2001                       : YES
Auto BRAM Packing                  : NO
Slice Utilization Ratio Delta      : 5

---- Other Options
Cores Search Directories           : {"ipcore_dir"  }

=========================================================================


=========================================================================
*                          HDL Compilation                              *
=========================================================================
Compiling vhdl file "C:/Users/Antonio/Documents/Universidad/Tercero/PrimerCuatrimestre/Sistemas Electronicos/PROYECTO FPGA/SpaceInvaders/PROYECTO_160215/MovBala.vhd" in Library work.
Entity <movbala> compiled.
Entity <movbala> (Architecture <behavioral>) compiled.

=========================================================================
*                     Design Hierarchy Analysis                         *
=========================================================================
Analyzing hierarchy for entity <MovBala> in library <work> (architecture <behavioral>).


=========================================================================
*                            HDL Analysis                               *
=========================================================================
Analyzing Entity <MovBala> in library <work> (Architecture <behavioral>).
Entity <MovBala> analyzed. Unit <MovBala> generated.


=========================================================================
*                           HDL Synthesis                               *
=========================================================================

Performing bidirectional port resolution...

Synthesizing Unit <MovBala>.
    Related source file is "C:/Users/Antonio/Documents/Universidad/Tercero/PrimerCuatrimestre/Sistemas Electronicos/PROYECTO FPGA/SpaceInvaders/PROYECTO_160215/MovBala.vhd".
    Found 10-bit register for signal <x_bala>.
    Found 10-bit register for signal <y_bala>.
    Found 1-bit register for signal <q>.
    Found 10-bit register for signal <xdib>.
    Found 10-bit comparator greatequal for signal <y_bala$cmp_ge0000> created at line 40.
    Found 10-bit comparator less for signal <y_bala$cmp_lt0000> created at line 36.
    Found 10-bit register for signal <ydib>.
    Found 10-bit subtractor for signal <ydib$addsub0000> created at line 37.
    Summary:
	inferred  21 D-type flip-flop(s).
	inferred   1 Adder/Subtractor(s).
	inferred   2 Comparator(s).
Unit <MovBala> synthesized.


=========================================================================
HDL Synthesis Report

Macro Statistics
# Adders/Subtractors                                   : 1
 10-bit subtractor                                     : 1
# Registers                                            : 5
 1-bit register                                        : 1
 10-bit register                                       : 4
# Comparators                                          : 2
 10-bit comparator greatequal                          : 1
 10-bit comparator less                                : 1

=========================================================================

=========================================================================
*                       Advanced HDL Synthesis                          *
=========================================================================


=========================================================================
Advanced HDL Synthesis Report

Macro Statistics
# Adders/Subtractors                                   : 1
 10-bit subtractor                                     : 1
# Registers                                            : 21
 Flip-Flops                                            : 21
# Comparators                                          : 2
 10-bit comparator greatequal                          : 1
 10-bit comparator less                                : 1

=========================================================================

=========================================================================
*                         Low Level Synthesis                           *
=========================================================================

Optimizing unit <MovBala> ...

Mapping all equations...
Building and optimizing final netlist ...
Found area constraint ratio of 100 (+ 5) on block MovBala, actual ratio is 2.
FlipFlop q has been replicated 1 time(s)

Final Macro Processing ...

=========================================================================
Final Register Report

Macro Statistics
# Registers                                            : 42
 Flip-Flops                                            : 42

=========================================================================

=========================================================================
*                           Partition Report                            *
=========================================================================

Partition Implementation Status
-------------------------------

  No Partitions were found in this design.

-------------------------------

=========================================================================
*                            Final Report                               *
=========================================================================
Final Results
RTL Top Level Output File Name     : MovBala.ngr
Top Level Output File Name         : MovBala
Output Format                      : NGC
Optimization Goal                  : Speed
Keep Hierarchy                     : No

Design Statistics
# IOs                              : 44

Cell Usage :
# BELS                             : 106
#      LUT2                        : 41
#      LUT2_D                      : 1
#      LUT2_L                      : 1
#      LUT3                        : 28
#      LUT3_D                      : 1
#      LUT3_L                      : 2
#      LUT4                        : 20
#      LUT4_D                      : 5
#      LUT4_L                      : 4
#      MUXF5                       : 3
# FlipFlops/Latches                : 42
#      FDCE                        : 2
#      FDCPE                       : 20
#      FDE                         : 20
# Clock Buffers                    : 1
#      BUFGP                       : 1
# IO Buffers                       : 43
#      IBUF                        : 23
#      OBUF                        : 20
=========================================================================

Device utilization summary:
---------------------------

Selected Device : 3s200ft256-4 

 Number of Slices:                       57  out of   1920     2%  
 Number of Slice Flip Flops:             42  out of   3840     1%  
 Number of 4 input LUTs:                103  out of   3840     2%  
 Number of IOs:                          44
 Number of bonded IOBs:                  44  out of    173    25%  
 Number of GCLKs:                         1  out of      8    12%  

---------------------------
Partition Resource Summary:
---------------------------

  No Partitions were found in this design.

---------------------------


=========================================================================
TIMING REPORT

NOTE: THESE TIMING NUMBERS ARE ONLY A SYNTHESIS ESTIMATE.
      FOR ACCURATE TIMING INFORMATION PLEASE REFER TO THE TRACE REPORT
      GENERATED AFTER PLACE-and-ROUTE.

Clock Information:
------------------
-----------------------------------+------------------------+-------+
Clock Signal                       | Clock buffer(FF name)  | Load  |
-----------------------------------+------------------------+-------+
clk                                | BUFGP                  | 42    |
-----------------------------------+------------------------+-------+

Asynchronous Control Signals Information:
----------------------------------------
---------------------------------------+------------------------+-------+
Control Signal                         | Buffer(FF name)        | Load  |
---------------------------------------+------------------------+-------+
reset                                  | IBUF                   | 2     |
x_bala_0__and0000(x_bala_0__and00001:O)| NONE(x_bala_0)         | 1     |
x_bala_0__and0001(x_bala_0__and00011:O)| NONE(x_bala_0)         | 1     |
x_bala_1__and0000(x_bala_1__and00001:O)| NONE(x_bala_1)         | 1     |
x_bala_1__and0001(x_bala_1__and00011:O)| NONE(x_bala_1)         | 1     |
x_bala_2__and0000(x_bala_2__and00001:O)| NONE(x_bala_2)         | 1     |
x_bala_2__and0001(x_bala_2__and00011:O)| NONE(x_bala_2)         | 1     |
x_bala_3__and0000(x_bala_3__and00001:O)| NONE(x_bala_3)         | 1     |
x_bala_3__and0001(x_bala_3__and00011:O)| NONE(x_bala_3)         | 1     |
x_bala_4__and0000(x_bala_4__and00001:O)| NONE(x_bala_4)         | 1     |
x_bala_4__and0001(x_bala_4__and00011:O)| NONE(x_bala_4)         | 1     |
x_bala_5__and0000(x_bala_5__and00001:O)| NONE(x_bala_5)         | 1     |
x_bala_5__and0001(x_bala_5__and00011:O)| NONE(x_bala_5)         | 1     |
x_bala_6__and0000(x_bala_6__and00001:O)| NONE(x_bala_6)         | 1     |
x_bala_6__and0001(x_bala_6__and00011:O)| NONE(x_bala_6)         | 1     |
x_bala_7__and0000(x_bala_7__and00001:O)| NONE(x_bala_7)         | 1     |
x_bala_7__and0001(x_bala_7__and00011:O)| NONE(x_bala_7)         | 1     |
x_bala_8__and0000(x_bala_8__and00001:O)| NONE(x_bala_8)         | 1     |
x_bala_8__and0001(x_bala_8__and00011:O)| NONE(x_bala_8)         | 1     |
x_bala_9__and0000(x_bala_9__and00001:O)| NONE(x_bala_9)         | 1     |
x_bala_9__and0001(x_bala_9__and00011:O)| NONE(x_bala_9)         | 1     |
y_bala_0__and0000(y_bala_0__and00001:O)| NONE(y_bala_0)         | 1     |
y_bala_0__and0001(y_bala_0__and00011:O)| NONE(y_bala_0)         | 1     |
y_bala_1__and0000(y_bala_1__and00001:O)| NONE(y_bala_1)         | 1     |
y_bala_1__and0001(y_bala_1__and00011:O)| NONE(y_bala_1)         | 1     |
y_bala_2__and0000(y_bala_2__and00001:O)| NONE(y_bala_2)         | 1     |
y_bala_2__and0001(y_bala_2__and00011:O)| NONE(y_bala_2)         | 1     |
y_bala_3__and0000(y_bala_3__and00001:O)| NONE(y_bala_3)         | 1     |
y_bala_3__and0001(y_bala_3__and00011:O)| NONE(y_bala_3)         | 1     |
y_bala_4__and0000(y_bala_4__and00001:O)| NONE(y_bala_4)         | 1     |
y_bala_4__and0001(y_bala_4__and00011:O)| NONE(y_bala_4)         | 1     |
y_bala_5__and0000(y_bala_5__and00001:O)| NONE(y_bala_5)         | 1     |
y_bala_5__and0001(y_bala_5__and00011:O)| NONE(y_bala_5)         | 1     |
y_bala_6__and0000(y_bala_6__and00001:O)| NONE(y_bala_6)         | 1     |
y_bala_6__and0001(y_bala_6__and00011:O)| NONE(y_bala_6)         | 1     |
y_bala_7__and0000(y_bala_7__and00001:O)| NONE(y_bala_7)         | 1     |
y_bala_7__and0001(y_bala_7__and00011:O)| NONE(y_bala_7)         | 1     |
y_bala_8__and0000(y_bala_8__and00001:O)| NONE(y_bala_8)         | 1     |
y_bala_8__and0001(y_bala_8__and00011:O)| NONE(y_bala_8)         | 1     |
y_bala_9__and0000(y_bala_9__and00001:O)| NONE(y_bala_9)         | 1     |
y_bala_9__and0001(y_bala_9__and00011:O)| NONE(y_bala_9)         | 1     |
---------------------------------------+------------------------+-------+

Timing Summary:
---------------
Speed Grade: -4

   Minimum period: 6.191ns (Maximum Frequency: 161.525MHz)
   Minimum input arrival time before clock: 8.724ns
   Maximum output required time after clock: 7.165ns
   Maximum combinational path delay: No path found

Timing Detail:
--------------
All values displayed in nanoseconds (ns)

=========================================================================
Timing constraint: Default period analysis for Clock 'clk'
  Clock period: 6.191ns (frequency: 161.525MHz)
  Total number of paths / destination ports: 771 / 72
-------------------------------------------------------------------------
Delay:               6.191ns (Levels of Logic = 4)
  Source:            ydib_5 (FF)
  Destination:       x_bala_0 (FF)
  Source Clock:      clk rising
  Destination Clock: clk rising

  Data Path: ydib_5 to x_bala_0
                                Gate     Net
    Cell:in->out      fanout   Delay   Delay  Logical Name (Net Name)
    ----------------------------------------  ------------
     FDE:C->Q             10   0.720   1.160  ydib_5 (ydib_5)
     LUT4:I3->O            1   0.551   0.000  y_bala_cmp_ge0000217_SW1_F (N40)
     MUXF5:I0->O           2   0.360   0.903  y_bala_cmp_ge0000217_SW1 (N27)
     LUT4_D:I3->O          9   0.551   1.192  x_bala_mux0000<0>11 (N01)
     LUT3:I2->O            1   0.551   0.000  x_bala_mux0000<8>1 (x_bala_mux0000<8>)
     FDCPE:D                   0.203          x_bala_8
    ----------------------------------------
    Total                      6.191ns (2.936ns logic, 3.255ns route)
                                       (47.4% logic, 52.6% route)

=========================================================================
Timing constraint: Default OFFSET IN BEFORE for Clock 'clk'
  Total number of paths / destination ports: 394 / 82
-------------------------------------------------------------------------
Offset:              8.724ns (Levels of Logic = 5)
  Source:            reset (PAD)
  Destination:       ydib_0 (FF)
  Destination Clock: clk rising

  Data Path: reset to ydib_0
                                Gate     Net
    Cell:in->out      fanout   Delay   Delay  Logical Name (Net Name)
    ----------------------------------------  ------------
     IBUF:I->O            49   0.821   2.289  reset_IBUF (reset_IBUF)
     LUT2:I0->O            1   0.551   0.996  ydib_and0000_SW0 (N9)
     LUT4:I1->O            1   0.551   0.000  y_bala_cmp_ge0000217_SW5_F (N44)
     MUXF5:I0->O           1   0.360   0.869  y_bala_cmp_ge0000217_SW5 (N33)
     LUT4:I2->O           10   0.551   1.134  ydib_and0000 (ydib_and0000)
     FDE:CE                    0.602          ydib_0
    ----------------------------------------
    Total                      8.724ns (3.436ns logic, 5.288ns route)
                                       (39.4% logic, 60.6% route)

=========================================================================
Timing constraint: Default OFFSET OUT AFTER for Clock 'clk'
  Total number of paths / destination ports: 20 / 20
-------------------------------------------------------------------------
Offset:              7.165ns (Levels of Logic = 1)
  Source:            y_bala_9 (FF)
  Destination:       y_bala<9> (PAD)
  Source Clock:      clk rising

  Data Path: y_bala_9 to y_bala<9>
                                Gate     Net
    Cell:in->out      fanout   Delay   Delay  Logical Name (Net Name)
    ----------------------------------------  ------------
     FDCPE:C->Q            1   0.720   0.801  y_bala_9 (y_bala_9)
     OBUF:I->O                 5.644          y_bala_9_OBUF (y_bala<9>)
    ----------------------------------------
    Total                      7.165ns (6.364ns logic, 0.801ns route)
                                       (88.8% logic, 11.2% route)

=========================================================================


Total REAL time to Xst completion: 11.00 secs
Total CPU time to Xst completion: 10.14 secs
 
--> 

Total memory usage is 255904 kilobytes

Number of errors   :    0 (   0 filtered)
Number of warnings :    0 (   0 filtered)
Number of infos    :    0 (   0 filtered)

